mode: set
github.com/dragonzurfer/goangelapi/client.go:17.31,19.2 1 1
github.com/dragonzurfer/goangelapi/client.go:21.35,23.2 1 1
github.com/dragonzurfer/goangelapi/client.go:25.31,27.2 1 1
github.com/dragonzurfer/goangelapi/client.go:29.52,33.2 3 1
github.com/dragonzurfer/goangelapi/client.go:47.68,49.2 1 1
github.com/dragonzurfer/goangelapi/client.go:51.67,53.2 1 1
github.com/dragonzurfer/goangelapi/client.go:56.42,57.21 1 1
github.com/dragonzurfer/goangelapi/client.go:60.2,60.21 1 1
github.com/dragonzurfer/goangelapi/client.go:63.2,63.21 1 1
github.com/dragonzurfer/goangelapi/client.go:66.2,73.15 4 1
github.com/dragonzurfer/goangelapi/client.go:57.21,59.3 1 1
github.com/dragonzurfer/goangelapi/client.go:60.21,62.3 1 1
github.com/dragonzurfer/goangelapi/client.go:63.21,65.3 1 1
github.com/dragonzurfer/goangelapi/client.go:76.63,79.2 2 1
github.com/dragonzurfer/goangelapi/client.go:81.67,84.16 3 1
github.com/dragonzurfer/goangelapi/client.go:89.2,89.30 1 1
github.com/dragonzurfer/goangelapi/client.go:98.2,98.27 1 1
github.com/dragonzurfer/goangelapi/client.go:84.16,86.3 1 0
github.com/dragonzurfer/goangelapi/client.go:89.30,91.17 2 1
github.com/dragonzurfer/goangelapi/client.go:94.3,94.18 1 1
github.com/dragonzurfer/goangelapi/client.go:91.17,93.4 1 0
github.com/dragonzurfer/goangelapi/client.go:94.18,96.4 1 1
github.com/dragonzurfer/goangelapi/client.go:101.69,104.16 3 1
github.com/dragonzurfer/goangelapi/client.go:109.2,109.30 1 1
github.com/dragonzurfer/goangelapi/client.go:118.2,118.28 1 1
github.com/dragonzurfer/goangelapi/client.go:104.16,106.3 1 0
github.com/dragonzurfer/goangelapi/client.go:109.30,111.17 2 1
github.com/dragonzurfer/goangelapi/client.go:114.3,114.18 1 1
github.com/dragonzurfer/goangelapi/client.go:111.17,113.4 1 0
github.com/dragonzurfer/goangelapi/client.go:114.18,116.4 1 0
github.com/dragonzurfer/goangelapi/instrument.go:24.49,27.29 3 1
github.com/dragonzurfer/goangelapi/instrument.go:30.2,31.25 2 1
github.com/dragonzurfer/goangelapi/instrument.go:27.29,29.3 1 1
github.com/dragonzurfer/goangelapi/session.go:9.79,13.72 2 1
github.com/dragonzurfer/goangelapi/session.go:18.2,18.16 1 1
github.com/dragonzurfer/goangelapi/session.go:23.2,25.16 3 1
github.com/dragonzurfer/goangelapi/session.go:29.2,29.21 1 1
github.com/dragonzurfer/goangelapi/session.go:13.72,16.3 2 1
github.com/dragonzurfer/goangelapi/session.go:18.16,20.3 1 1
github.com/dragonzurfer/goangelapi/session.go:25.16,27.3 1 0
github.com/dragonzurfer/goangelapi/utility.go:17.43,19.2 1 1
github.com/dragonzurfer/goangelapi/utility.go:21.46,23.2 1 1
github.com/dragonzurfer/goangelapi/utility.go:25.75,27.16 2 1
github.com/dragonzurfer/goangelapi/utility.go:31.2,32.16 2 1
github.com/dragonzurfer/goangelapi/utility.go:36.2,36.6 1 1
github.com/dragonzurfer/goangelapi/utility.go:27.16,28.103 1 1
github.com/dragonzurfer/goangelapi/utility.go:32.16,33.111 1 0
github.com/dragonzurfer/goangelapi/utility.go:36.6,38.17 2 1
github.com/dragonzurfer/goangelapi/utility.go:42.3,42.35 1 1
github.com/dragonzurfer/goangelapi/utility.go:46.3,48.28 3 1
github.com/dragonzurfer/goangelapi/utility.go:38.17,40.4 1 1
github.com/dragonzurfer/goangelapi/utility.go:42.35,44.4 1 1
