mode: set
github.com/dragonzurfer/goangelapi/client.go:17.31,19.2 1 1
github.com/dragonzurfer/goangelapi/client.go:21.35,23.2 1 1
github.com/dragonzurfer/goangelapi/client.go:25.31,27.2 1 1
github.com/dragonzurfer/goangelapi/client.go:29.52,33.2 3 1
github.com/dragonzurfer/goangelapi/client.go:47.68,49.2 1 1
github.com/dragonzurfer/goangelapi/client.go:51.67,53.2 1 1
github.com/dragonzurfer/goangelapi/client.go:56.42,57.21 1 1
github.com/dragonzurfer/goangelapi/client.go:60.2,60.21 1 1
github.com/dragonzurfer/goangelapi/client.go:63.2,63.21 1 1
github.com/dragonzurfer/goangelapi/client.go:66.2,73.15 4 1
github.com/dragonzurfer/goangelapi/client.go:57.21,59.3 1 1
github.com/dragonzurfer/goangelapi/client.go:60.21,62.3 1 1
github.com/dragonzurfer/goangelapi/client.go:63.21,65.3 1 1
github.com/dragonzurfer/goangelapi/client.go:76.63,79.2 2 1
github.com/dragonzurfer/goangelapi/client.go:81.67,84.16 3 1
github.com/dragonzurfer/goangelapi/client.go:89.2,89.30 1 1
github.com/dragonzurfer/goangelapi/client.go:98.2,98.27 1 1
github.com/dragonzurfer/goangelapi/client.go:84.16,86.3 1 0
github.com/dragonzurfer/goangelapi/client.go:89.30,91.17 2 1
github.com/dragonzurfer/goangelapi/client.go:94.3,94.18 1 1
github.com/dragonzurfer/goangelapi/client.go:91.17,93.4 1 0
github.com/dragonzurfer/goangelapi/client.go:94.18,96.4 1 1
github.com/dragonzurfer/goangelapi/client.go:101.69,104.16 3 1
github.com/dragonzurfer/goangelapi/client.go:109.2,109.30 1 1
github.com/dragonzurfer/goangelapi/client.go:118.2,118.28 1 1
github.com/dragonzurfer/goangelapi/client.go:104.16,106.3 1 0
github.com/dragonzurfer/goangelapi/client.go:109.30,111.17 2 1
github.com/dragonzurfer/goangelapi/client.go:114.3,114.18 1 1
github.com/dragonzurfer/goangelapi/client.go:111.17,113.4 1 0
github.com/dragonzurfer/goangelapi/client.go:114.18,116.4 1 0
github.com/dragonzurfer/goangelapi/instrument.go:24.49,27.29 3 1
github.com/dragonzurfer/goangelapi/instrument.go:30.2,31.25 2 1
github.com/dragonzurfer/goangelapi/instrument.go:27.29,29.3 1 1
github.com/dragonzurfer/goangelapi/session.go:9.79,13.72 2 1
github.com/dragonzurfer/goangelapi/session.go:18.2,18.16 1 1
github.com/dragonzurfer/goangelapi/session.go:23.2,25.16 3 1
github.com/dragonzurfer/goangelapi/session.go:29.2,29.21 1 1
github.com/dragonzurfer/goangelapi/session.go:13.72,16.3 2 1
github.com/dragonzurfer/goangelapi/session.go:18.16,20.3 1 1
github.com/dragonzurfer/goangelapi/session.go:25.16,27.3 1 0
github.com/dragonzurfer/goangelapi/tradespread_position.go:18.13,20.2 1 1
github.com/dragonzurfer/goangelapi/tradespread_position.go:31.61,33.2 1 0
github.com/dragonzurfer/goangelapi/tradespread_position.go:35.54,37.2 1 0
github.com/dragonzurfer/goangelapi/tradespread_position.go:39.58,41.2 1 0
github.com/dragonzurfer/goangelapi/tradespread_position.go:43.59,45.2 1 0
github.com/dragonzurfer/goangelapi/tradespread_position.go:47.73,48.18 1 0
github.com/dragonzurfer/goangelapi/tradespread_position.go:54.2,54.19 1 0
github.com/dragonzurfer/goangelapi/tradespread_position.go:57.2,57.24 1 0
github.com/dragonzurfer/goangelapi/tradespread_position.go:48.18,50.3 1 0
github.com/dragonzurfer/goangelapi/tradespread_position.go:50.8,50.25 1 0
github.com/dragonzurfer/goangelapi/tradespread_position.go:50.25,52.3 1 0
github.com/dragonzurfer/goangelapi/tradespread_position.go:54.19,55.82 1 0
github.com/dragonzurfer/goangelapi/tradespread_position.go:60.81,61.44 1 0
github.com/dragonzurfer/goangelapi/tradespread_position.go:61.44,63.3 1 0
github.com/dragonzurfer/goangelapi/tradespread_position.go:63.8,65.3 1 0
github.com/dragonzurfer/goangelapi/tradespread_position.go:68.62,70.2 1 0
github.com/dragonzurfer/goangelapi/tradespread_position.go:72.84,74.16 2 0
github.com/dragonzurfer/goangelapi/tradespread_position.go:77.2,78.16 2 0
github.com/dragonzurfer/goangelapi/tradespread_position.go:81.2,82.16 2 0
github.com/dragonzurfer/goangelapi/tradespread_position.go:86.2,91.8 1 0
github.com/dragonzurfer/goangelapi/tradespread_position.go:74.16,76.3 1 0
github.com/dragonzurfer/goangelapi/tradespread_position.go:78.16,80.3 1 0
github.com/dragonzurfer/goangelapi/tradespread_position.go:82.16,84.3 1 0
github.com/dragonzurfer/goangelapi/tradespread_position.go:94.71,96.31 2 0
github.com/dragonzurfer/goangelapi/tradespread_position.go:99.2,99.22 1 0
github.com/dragonzurfer/goangelapi/tradespread_position.go:96.31,98.3 1 0
github.com/dragonzurfer/goangelapi/tradespread_position.go:103.57,104.31 1 0
github.com/dragonzurfer/goangelapi/tradespread_position.go:104.31,106.17 2 0
github.com/dragonzurfer/goangelapi/tradespread_position.go:109.3,110.43 2 0
github.com/dragonzurfer/goangelapi/tradespread_position.go:106.17,107.22 1 0
github.com/dragonzurfer/goangelapi/tradespread_position.go:114.96,117.16 2 0
github.com/dragonzurfer/goangelapi/tradespread_position.go:121.2,134.12 11 0
github.com/dragonzurfer/goangelapi/tradespread_position.go:117.16,119.3 1 0
github.com/dragonzurfer/goangelapi/tradespread_position.go:138.25,140.2 1 0
github.com/dragonzurfer/goangelapi/tradespread_position.go:143.39,145.2 1 0
github.com/dragonzurfer/goangelapi/tradespread_position.go:148.18,151.16 3 0
github.com/dragonzurfer/goangelapi/tradespread_position.go:151.16,153.3 1 0
github.com/dragonzurfer/goangelapi/tradespread_position.go:157.50,159.22 2 0
github.com/dragonzurfer/goangelapi/tradespread_position.go:159.22,160.29 1 0
github.com/dragonzurfer/goangelapi/tradespread_position.go:160.29,161.34 1 0
github.com/dragonzurfer/goangelapi/tradespread_position.go:161.34,176.12 13 0
github.com/dragonzurfer/goangelapi/tradespread_position.go:179.5,188.60 3 0
github.com/dragonzurfer/goangelapi/tradespread_position.go:176.12,178.6 1 0
github.com/dragonzurfer/goangelapi/tradespread_position.go:188.60,192.6 3 0
github.com/dragonzurfer/goangelapi/tradespread_position.go:192.11,196.6 3 0
github.com/dragonzurfer/goangelapi/tradespread_position.go:204.52,206.2 1 0
github.com/dragonzurfer/goangelapi/tradespread_position.go:209.33,211.2 1 0
github.com/dragonzurfer/goangelapi/utility.go:18.43,20.2 1 1
github.com/dragonzurfer/goangelapi/utility.go:22.46,24.2 1 1
github.com/dragonzurfer/goangelapi/utility.go:26.75,28.16 2 1
github.com/dragonzurfer/goangelapi/utility.go:32.2,33.16 2 1
github.com/dragonzurfer/goangelapi/utility.go:37.2,37.6 1 1
github.com/dragonzurfer/goangelapi/utility.go:28.16,29.103 1 1
github.com/dragonzurfer/goangelapi/utility.go:33.16,34.111 1 0
github.com/dragonzurfer/goangelapi/utility.go:37.6,39.17 2 1
github.com/dragonzurfer/goangelapi/utility.go:43.3,43.35 1 1
github.com/dragonzurfer/goangelapi/utility.go:47.3,49.28 3 1
github.com/dragonzurfer/goangelapi/utility.go:39.17,41.4 1 1
github.com/dragonzurfer/goangelapi/utility.go:43.35,45.4 1 1
